2025-01-03 21:52:44,711 race_manager [INFO] irsdk connected
2025-01-03 21:52:44,794 race_service [DEBUG] Sessionstate 1 detected
2025-01-03 21:52:44,812 race_service [DEBUG] Waiting for player to enter car
2025-01-03 21:52:45,828 race_service [DEBUG] Waiting for player to enter car
2025-01-03 21:52:46,844 race_service [DEBUG] Waiting for player to enter car
2025-01-03 21:52:47,861 race_service [DEBUG] Setting audio output to Speakers (Realtek(R) Audio), MME
2025-01-03 21:52:47,861 race_service [DEBUG] Trying to play sound file
2025-01-03 21:52:48,022 race_service [DEBUG] Sound played successfully
2025-01-03 21:52:48,022 race_service [DEBUG] Sleeping for 20 seconds while sound plays
2025-01-03 21:53:08,036 race_service [DEBUG] Issuing gridstart command
2025-01-03 21:53:08,037 race_manager [DEBUG] Activated window
2025-01-03 21:53:08,038 race_manager [DEBUG] Sending chat command: !gridstart
2025-01-03 21:53:29,269 race_service [DEBUG] No pre-race penalties to issue
2025-01-03 21:53:29,269 race_service [INFO] Pre-race actions are complete
2025-01-03 21:53:29,269 race_service [DEBUG] Stage lengths: 10/20/35
2025-01-03 21:53:29,270 race_manager [DEBUG] Activated window
2025-01-03 21:53:29,271 race_manager [DEBUG] Sending chat command: Stage lengths: 10/20/35
2025-01-03 21:53:30,513 race_service [DEBUG] Sleeping for sessionstate 3
2025-01-03 21:53:31,530 race_service [DEBUG] Sleeping for sessionstate 3
2025-01-03 21:53:32,548 race_service [DEBUG] Sleeping for sessionstate 3
2025-01-03 21:53:33,565 race_service [DEBUG] Sleeping for sessionstate 3
2025-01-03 21:53:34,583 race_service [DEBUG] Sleeping for sessionstate 3
2025-01-03 21:53:35,596 race_service [DEBUG] Sleeping for sessionstate 3
2025-01-03 21:53:36,615 race_service [DEBUG] Sleeping for sessionstate 3
2025-01-03 21:53:37,647 race_service [DEBUG] Sleeping for sessionstate 3
2025-01-03 21:53:38,664 race_service [DEBUG] Sleeping for sessionstate 3
2025-01-03 21:53:39,684 race_service [DEBUG] Sleeping for sessionstate 3
2025-01-03 21:53:40,714 race_service [DEBUG] Sleeping for sessionstate 3
2025-01-03 21:53:41,732 race_service [DEBUG] Sleeping for sessionstate 3
2025-01-03 21:53:42,750 race_service [DEBUG] Sleeping for sessionstate 3
2025-01-03 21:53:43,763 race_service [DEBUG] Sleeping for sessionstate 3
2025-01-03 21:53:44,765 race_service [DEBUG] Sleeping for sessionstate 3
2025-01-03 21:53:45,780 race_service [DEBUG] Sleeping for sessionstate 3
2025-01-03 21:53:46,797 race_service [DEBUG] Sleeping for sessionstate 3
2025-01-03 21:53:47,816 race_service [DEBUG] Sleeping for sessionstate 3
2025-01-03 21:53:48,832 race_service [DEBUG] Sleeping for sessionstate 3
2025-01-03 21:53:49,863 race_service [DEBUG] Sleeping for sessionstate 3
2025-01-03 21:53:50,879 race_service [DEBUG] Sleeping for sessionstate 3
2025-01-03 21:53:51,897 race_service [DEBUG] Sleeping for sessionstate 3
2025-01-03 21:53:52,914 race_service [DEBUG] Sleeping for sessionstate 3
2025-01-03 21:53:53,931 race_service [DEBUG] Sleeping for sessionstate 3
2025-01-03 21:53:54,945 race_service [DEBUG] Sleeping for sessionstate 3
2025-01-03 21:53:55,963 race_service [DEBUG] Sleeping for sessionstate 3
2025-01-03 21:53:56,980 race_service [DEBUG] Sleeping for sessionstate 3
2025-01-03 21:53:58,000 race_service [DEBUG] Sleeping for sessionstate 3
2025-01-03 21:53:59,013 race_service [DEBUG] Sleeping for sessionstate 3
2025-01-03 21:54:00,015 race_service [DEBUG] Sleeping for sessionstate 3
2025-01-03 21:54:01,031 race_service [DEBUG] Sleeping for sessionstate 3
2025-01-03 21:54:02,048 race_service [DEBUG] Sleeping for sessionstate 3
2025-01-03 21:54:03,080 race_service [DEBUG] Sleeping for sessionstate 3
2025-01-03 21:54:04,097 race_service [DEBUG] Sleeping for sessionstate 3
2025-01-03 21:54:05,113 race_service [DEBUG] Sleeping for sessionstate 3
2025-01-03 21:54:06,133 race_service [DEBUG] Sleeping for sessionstate 3
2025-01-03 21:54:07,148 race_service [DEBUG] Sleeping for sessionstate 3
2025-01-03 21:54:08,150 race_service [DEBUG] Sleeping for sessionstate 3
2025-01-03 21:54:09,163 race_service [DEBUG] Sleeping for sessionstate 3
2025-01-03 21:54:10,181 race_service [DEBUG] Sleeping for sessionstate 3
2025-01-03 21:54:11,198 race_service [DEBUG] Sleeping for sessionstate 3
2025-01-03 21:54:12,215 race_service [DEBUG] Sleeping for sessionstate 3
2025-01-03 21:54:13,231 race_service [DEBUG] Sleeping for sessionstate 3
2025-01-03 21:54:14,246 race_service [DEBUG] Sleeping for sessionstate 3
2025-01-03 21:54:15,263 race_service [DEBUG] Sleeping for sessionstate 3
2025-01-03 21:54:16,280 race_service [DEBUG] Sleeping for sessionstate 3
2025-01-03 21:54:17,298 race_service [DEBUG] Sleeping for sessionstate 3
2025-01-03 21:54:18,313 race_service [DEBUG] Sleeping for sessionstate 3
2025-01-03 21:54:19,332 race_service [DEBUG] Sleeping for sessionstate 3
2025-01-03 21:54:20,350 race_service [DEBUG] Sleeping for sessionstate 3
2025-01-03 21:54:21,365 race_service [DEBUG] Sleeping for sessionstate 3
2025-01-03 21:54:22,381 race_service [DEBUG] Sleeping for sessionstate 3
2025-01-03 21:54:23,400 race_service [DEBUG] Sleeping for sessionstate 3
2025-01-03 21:54:24,413 race_service [DEBUG] Sleeping for sessionstate 3
2025-01-03 21:54:25,432 race_service [DEBUG] Sleeping for sessionstate 3
2025-01-03 21:54:26,447 race_service [DEBUG] Sleeping for sessionstate 3
2025-01-03 21:54:27,466 race_service [DEBUG] Sleeping for sessionstate 3
2025-01-03 21:54:28,480 race_service [DEBUG] Sleeping for sessionstate 3
2025-01-03 21:54:29,498 race_service [DEBUG] Sleeping for sessionstate 3
2025-01-03 21:54:30,513 race_service [DEBUG] Sleeping for sessionstate 3
2025-01-03 21:54:31,534 race_service [DEBUG] Sleeping for sessionstate 3
2025-01-03 21:54:32,564 race_service [DEBUG] Sleeping for sessionstate 3
2025-01-03 21:54:33,582 race_service [DEBUG] Sleeping for sessionstate 3
2025-01-03 21:54:34,597 race_service [DEBUG] Sleeping for sessionstate 3
2025-01-03 21:54:35,614 race_service [DEBUG] Sleeping for sessionstate 3
2025-01-03 21:54:36,632 race_service [DEBUG] Sleeping for sessionstate 3
2025-01-03 21:54:37,648 race_service [DEBUG] Sleeping for sessionstate 3
2025-01-03 21:54:38,665 race_service [DEBUG] Sleeping for sessionstate 3
2025-01-03 21:54:39,681 race_service [DEBUG] Sleeping for sessionstate 3
2025-01-03 21:54:40,698 race_service [DEBUG] Sleeping for sessionstate 3
2025-01-03 21:54:41,714 race_service [DEBUG] Sleeping for sessionstate 3
2025-01-03 21:54:42,715 race_service [DEBUG] Sleeping for sessionstate 3
2025-01-03 21:54:43,730 race_service [DEBUG] Sleeping for sessionstate 3
2025-01-03 21:54:44,746 race_service [DEBUG] Sleeping for sessionstate 3
2025-01-03 21:54:45,765 race_service [DEBUG] Sleeping for sessionstate 3
2025-01-03 21:54:46,781 race_service [DEBUG] Sleeping for sessionstate 3
2025-01-03 21:54:47,797 race_service [DEBUG] Sleeping for sessionstate 3
2025-01-03 21:54:48,815 race_service [DEBUG] Sleeping for sessionstate 3
2025-01-03 21:54:49,832 race_service [DEBUG] Sleeping for sessionstate 3
2025-01-03 21:54:50,849 race_service [DEBUG] Sleeping for sessionstate 3
2025-01-03 21:54:51,865 race_service [DEBUG] Sleeping for sessionstate 3
2025-01-03 21:54:52,882 race_service [DEBUG] Sleeping for sessionstate 3
2025-01-03 21:54:53,898 race_service [DEBUG] Sleeping for sessionstate 3
2025-01-03 21:54:54,916 race_service [DEBUG] Sleeping for sessionstate 3
2025-01-03 21:54:55,932 race_service [DEBUG] Sleeping for sessionstate 3
2025-01-03 21:54:56,950 race_service [DEBUG] Sleeping for sessionstate 3
2025-01-03 21:54:57,965 race_service [DEBUG] Sleeping for sessionstate 3
2025-01-03 21:54:58,983 race_service [DEBUG] Sleeping for sessionstate 3
2025-01-03 21:54:59,999 race_service [DEBUG] Sleeping for sessionstate 3
2025-01-03 21:55:01,016 race_service [DEBUG] Sleeping for sessionstate 3
2025-01-03 21:55:02,031 race_service [DEBUG] Sleeping for sessionstate 3
2025-01-03 21:55:03,048 race_service [DEBUG] Sleeping for sessionstate 3
2025-01-03 21:55:04,067 race_service [DEBUG] Sleeping for sessionstate 3
2025-01-03 21:55:05,082 race_service [DEBUG] Sleeping for sessionstate 3
2025-01-03 21:55:06,098 race_service [DEBUG] Sleeping for sessionstate 3
2025-01-03 21:55:07,115 race_service [DEBUG] Sleeping for sessionstate 3
2025-01-03 21:55:08,132 race_service [DEBUG] Sleeping for sessionstate 3
2025-01-03 21:55:09,149 race_service [DEBUG] Sleeping for sessionstate 3
2025-01-03 21:55:10,168 race_service [DEBUG] Sleeping for sessionstate 3
2025-01-03 21:55:11,181 race_service [DEBUG] Sleeping for sessionstate 3
2025-01-03 21:55:12,198 race_service [DEBUG] Sleeping for sessionstate 3
2025-01-03 21:55:13,216 race_service [DEBUG] Race has started!
2025-01-03 21:55:13,217 race_service [DEBUG] Starting penalty tracker
2025-01-03 21:55:13,217 race_service [DEBUG] Starting thread <Thread(Thread-1 (_penalty_tracker), started daemon 12760)>
2025-01-03 21:55:13,217 race_service [DEBUG] Penalty tracker active
2025-01-03 21:55:13,217 race_service [INFO] Stage 1 started - ends on lap 10
2025-01-03 21:55:13,217 race_service [DEBUG] Starting thread <Thread(Thread-2 (_process_stage), started daemon 4740)>
2025-01-03 21:55:13,234 race_service [DEBUG] After the try except
2025-01-03 21:55:13,248 race_service [DEBUG] Race has started!
2025-01-03 21:55:13,249 race_service [DEBUG] Starting penalty tracker
2025-01-03 21:55:13,249 race_service [DEBUG] Starting thread <Thread(Thread-3 (_penalty_tracker), started daemon 6900)>
2025-01-03 21:55:13,250 race_service [DEBUG] Penalty tracker active
2025-01-03 21:55:13,250 race_service [INFO] Stage 1 started - ends on lap 10
2025-01-03 21:55:13,250 race_service [DEBUG] Starting thread <Thread(Thread-4 (_process_stage), started daemon 23612)>
2025-01-03 21:55:13,267 race_service [DEBUG] After the try except
2025-01-03 21:55:13,282 race_service [DEBUG] Race has started!
2025-01-03 21:55:13,283 race_service [DEBUG] Starting penalty tracker
2025-01-03 21:55:13,283 race_service [DEBUG] Starting thread <Thread(Thread-5 (_penalty_tracker), started daemon 19448)>
2025-01-03 21:55:13,283 race_service [DEBUG] Penalty tracker active
2025-01-03 21:55:13,283 race_service [INFO] Stage 1 started - ends on lap 10
2025-01-03 21:55:13,284 race_service [DEBUG] Starting thread <Thread(Thread-6 (_process_stage), started daemon 24032)>
2025-01-03 21:55:13,303 race_service [DEBUG] After the try except
2025-01-03 21:55:13,316 race_service [DEBUG] Race has started!
2025-01-03 21:55:13,317 race_service [DEBUG] Starting penalty tracker
2025-01-03 21:55:13,317 race_service [DEBUG] Starting thread <Thread(Thread-7 (_penalty_tracker), started daemon 23096)>
2025-01-03 21:55:13,317 race_service [DEBUG] Penalty tracker active
2025-01-03 21:55:13,317 race_service [INFO] Stage 1 started - ends on lap 10
2025-01-03 21:55:13,317 race_service [DEBUG] Starting thread <Thread(Thread-8 (_process_stage), started daemon 23996)>
2025-01-03 21:55:13,336 race_service [DEBUG] After the try except
2025-01-03 21:55:13,350 race_service [DEBUG] Race has started!
2025-01-03 21:55:13,351 race_service [DEBUG] Starting penalty tracker
2025-01-03 21:55:13,351 race_service [DEBUG] Starting thread <Thread(Thread-9 (_penalty_tracker), started daemon 22560)>
2025-01-03 21:55:13,351 race_service [DEBUG] Penalty tracker active
2025-01-03 21:55:13,352 race_service [INFO] Stage 1 started - ends on lap 10
2025-01-03 21:55:13,352 race_service [DEBUG] Starting thread <Thread(Thread-10 (_process_stage), started daemon 23556)>
2025-01-03 21:55:13,370 race_service [DEBUG] After the try except
2025-01-03 21:55:13,382 race_service [DEBUG] Race has started!
2025-01-03 21:55:13,382 race_service [DEBUG] Starting penalty tracker
2025-01-03 21:55:13,382 race_service [DEBUG] Starting thread <Thread(Thread-11 (_penalty_tracker), started daemon 23908)>
2025-01-03 21:55:13,382 race_service [DEBUG] Penalty tracker active
2025-01-03 21:55:13,383 race_service [INFO] Stage 1 started - ends on lap 10
2025-01-03 21:55:13,383 race_service [DEBUG] Starting thread <Thread(Thread-12 (_process_stage), started daemon 22732)>
2025-01-03 21:55:13,403 race_service [DEBUG] After the try except
2025-01-03 21:55:13,416 race_service [DEBUG] Race has started!
2025-01-03 21:55:13,417 race_service [DEBUG] Starting penalty tracker
2025-01-03 21:55:13,417 race_service [DEBUG] Starting thread <Thread(Thread-13 (_penalty_tracker), started daemon 9220)>
2025-01-03 21:55:13,417 race_service [DEBUG] Penalty tracker active
2025-01-03 21:55:13,417 race_service [INFO] Stage 1 started - ends on lap 10
2025-01-03 21:55:13,417 race_service [DEBUG] Starting thread <Thread(Thread-14 (_process_stage), started daemon 23864)>
2025-01-03 21:55:13,433 race_service [DEBUG] After the try except
2025-01-03 21:55:13,450 race_service [DEBUG] Race has started!
2025-01-03 21:55:13,451 race_service [DEBUG] Starting penalty tracker
2025-01-03 21:55:13,451 race_service [DEBUG] Starting thread <Thread(Thread-15 (_penalty_tracker), started daemon 24384)>
2025-01-03 21:55:13,451 race_service [DEBUG] Penalty tracker active
2025-01-03 21:55:13,451 race_service [INFO] Stage 1 started - ends on lap 10
2025-01-03 21:55:13,451 race_service [DEBUG] Starting thread <Thread(Thread-16 (_process_stage), started daemon 20984)>
2025-01-03 21:55:13,469 race_service [DEBUG] After the try except
2025-01-03 21:55:13,482 race_service [DEBUG] Race has started!
2025-01-03 21:55:13,483 race_service [DEBUG] Starting penalty tracker
2025-01-03 21:55:13,483 race_service [DEBUG] Starting thread <Thread(Thread-17 (_penalty_tracker), started daemon 22760)>
2025-01-03 21:55:13,483 race_service [DEBUG] Penalty tracker active
2025-01-03 21:55:13,483 race_service [INFO] Stage 1 started - ends on lap 10
2025-01-03 21:55:13,483 race_service [DEBUG] Starting thread <Thread(Thread-18 (_process_stage), started daemon 23020)>
2025-01-03 21:55:13,502 race_service [DEBUG] After the try except
2025-01-03 21:55:13,517 race_service [DEBUG] Race has started!
2025-01-03 21:55:13,518 race_service [DEBUG] Starting penalty tracker
2025-01-03 21:55:13,518 race_service [DEBUG] Starting thread <Thread(Thread-19 (_penalty_tracker), started daemon 24316)>
2025-01-03 21:55:13,518 race_service [DEBUG] Penalty tracker active
2025-01-03 21:55:13,518 race_service [INFO] Stage 1 started - ends on lap 10
2025-01-03 21:55:13,518 race_service [DEBUG] Starting thread <Thread(Thread-20 (_process_stage), started daemon 7448)>
2025-01-03 21:55:13,534 race_service [DEBUG] After the try except
2025-01-03 21:55:13,549 race_service [DEBUG] Race has started!
2025-01-03 21:55:13,550 race_service [DEBUG] Starting penalty tracker
2025-01-03 21:55:13,550 race_service [DEBUG] Starting thread <Thread(Thread-21 (_penalty_tracker), started daemon 7364)>
2025-01-03 21:55:13,551 race_service [DEBUG] Penalty tracker active
2025-01-03 21:55:13,551 race_service [INFO] Stage 1 started - ends on lap 10
2025-01-03 21:55:13,551 race_service [DEBUG] Starting thread <Thread(Thread-22 (_process_stage), started daemon 23740)>
2025-01-03 21:55:13,568 race_service [DEBUG] After the try except
2025-01-03 21:55:13,582 race_service [DEBUG] Race has started!
2025-01-03 21:55:13,583 race_service [DEBUG] Starting penalty tracker
2025-01-03 21:55:13,583 race_service [DEBUG] Starting thread <Thread(Thread-23 (_penalty_tracker), started daemon 4436)>
2025-01-03 21:55:13,583 race_service [DEBUG] Penalty tracker active
2025-01-03 21:55:13,583 race_service [INFO] Stage 1 started - ends on lap 10
2025-01-03 21:55:13,583 race_service [DEBUG] Starting thread <Thread(Thread-24 (_process_stage), started daemon 23936)>
2025-01-03 21:55:13,599 race_service [DEBUG] After the try except
2025-01-03 21:55:13,617 race_service [DEBUG] Race has started!
2025-01-03 21:55:13,618 race_service [DEBUG] Starting penalty tracker
2025-01-03 21:55:13,618 race_service [DEBUG] Starting thread <Thread(Thread-25 (_penalty_tracker), started daemon 15552)>
2025-01-03 21:55:13,618 race_service [DEBUG] Penalty tracker active
2025-01-03 21:55:13,618 race_service [INFO] Stage 1 started - ends on lap 10
2025-01-03 21:55:13,618 race_service [DEBUG] Starting thread <Thread(Thread-26 (_process_stage), started daemon 4964)>
2025-01-03 21:55:13,634 race_service [DEBUG] After the try except
2025-01-03 21:55:13,651 race_service [DEBUG] Race has started!
2025-01-03 21:55:13,651 race_service [DEBUG] Starting penalty tracker
2025-01-03 21:55:13,651 race_service [DEBUG] Starting thread <Thread(Thread-27 (_penalty_tracker), started daemon 6708)>
2025-01-03 21:55:13,651 race_service [DEBUG] Penalty tracker active
2025-01-03 21:55:13,652 race_service [INFO] Stage 1 started - ends on lap 10
2025-01-03 21:55:13,652 race_service [DEBUG] Starting thread <Thread(Thread-28 (_process_stage), started daemon 23348)>
2025-01-03 21:55:13,669 race_service [DEBUG] After the try except
2025-01-03 21:55:13,681 race_service [DEBUG] Race has started!
2025-01-03 21:55:13,682 race_service [DEBUG] Starting penalty tracker
2025-01-03 21:55:13,682 race_service [DEBUG] Starting thread <Thread(Thread-29 (_penalty_tracker), started daemon 22572)>
2025-01-03 21:55:13,682 race_service [DEBUG] Penalty tracker active
2025-01-03 21:55:13,682 race_service [INFO] Stage 1 started - ends on lap 10
2025-01-03 21:55:13,682 race_service [DEBUG] Starting thread <Thread(Thread-30 (_process_stage), started daemon 11564)>
2025-01-03 21:55:13,700 race_service [DEBUG] After the try except
2025-01-03 21:55:13,716 race_service [DEBUG] Race has started!
2025-01-03 21:55:13,717 race_service [DEBUG] Starting penalty tracker
2025-01-03 21:55:13,717 race_service [DEBUG] Starting thread <Thread(Thread-31 (_penalty_tracker), started daemon 22448)>
2025-01-03 21:55:13,717 race_service [DEBUG] Penalty tracker active
2025-01-03 21:55:13,717 race_service [INFO] Stage 1 started - ends on lap 10
2025-01-03 21:55:13,717 race_service [DEBUG] Starting thread <Thread(Thread-32 (_process_stage), started daemon 6828)>
2025-01-03 21:55:13,734 race_service [DEBUG] After the try except
2025-01-03 21:55:13,750 race_service [DEBUG] Race has started!
2025-01-03 21:55:13,750 race_service [DEBUG] Starting penalty tracker
2025-01-03 21:55:13,750 race_service [DEBUG] Starting thread <Thread(Thread-33 (_penalty_tracker), started daemon 24496)>
2025-01-03 21:55:13,750 race_service [DEBUG] Penalty tracker active
2025-01-03 21:55:13,751 race_service [INFO] Stage 1 started - ends on lap 10
2025-01-03 21:55:13,751 race_service [DEBUG] Starting thread <Thread(Thread-34 (_process_stage), started daemon 1464)>
2025-01-03 21:55:13,767 race_service [DEBUG] After the try except
2025-01-03 21:55:13,782 race_service [DEBUG] Race has started!
2025-01-03 21:55:13,783 race_service [DEBUG] Starting penalty tracker
2025-01-03 21:55:13,783 race_service [DEBUG] Starting thread <Thread(Thread-35 (_penalty_tracker), started daemon 6420)>
2025-01-03 21:55:13,783 race_service [DEBUG] Penalty tracker active
2025-01-03 21:55:13,783 race_service [INFO] Stage 1 started - ends on lap 10
2025-01-03 21:55:13,783 race_service [DEBUG] Starting thread <Thread(Thread-36 (_process_stage), started daemon 20300)>
2025-01-03 21:55:13,802 race_service [DEBUG] After the try except
2025-01-03 21:55:13,814 race_service [DEBUG] Race has started!
2025-01-03 21:55:13,814 race_service [DEBUG] Starting penalty tracker
2025-01-03 21:55:13,814 race_service [DEBUG] Starting thread <Thread(Thread-37 (_penalty_tracker), started daemon 3980)>
2025-01-03 21:55:13,814 race_service [DEBUG] Penalty tracker active
2025-01-03 21:55:13,814 race_service [INFO] Stage 1 started - ends on lap 10
2025-01-03 21:55:13,815 race_service [DEBUG] Starting thread <Thread(Thread-38 (_process_stage), started daemon 23560)>
2025-01-03 21:55:13,835 race_service [DEBUG] After the try except
2025-01-03 21:55:13,849 race_service [DEBUG] Race has started!
2025-01-03 21:55:13,850 race_service [DEBUG] Starting penalty tracker
2025-01-03 21:55:13,850 race_service [DEBUG] Starting thread <Thread(Thread-39 (_penalty_tracker), started daemon 4168)>
2025-01-03 21:55:13,850 race_service [DEBUG] Penalty tracker active
2025-01-03 21:55:13,850 race_service [INFO] Stage 1 started - ends on lap 10
2025-01-03 21:55:13,850 race_service [DEBUG] Starting thread <Thread(Thread-40 (_process_stage), started daemon 24072)>
2025-01-03 21:55:13,867 race_service [DEBUG] After the try except
2025-01-03 21:55:13,882 race_service [DEBUG] Race has started!
2025-01-03 21:55:13,882 race_service [DEBUG] Starting penalty tracker
2025-01-03 21:55:13,882 race_service [DEBUG] Starting thread <Thread(Thread-41 (_penalty_tracker), started daemon 20336)>
2025-01-03 21:55:13,882 race_service [DEBUG] Penalty tracker active
2025-01-03 21:55:13,882 race_service [INFO] Stage 1 started - ends on lap 10
2025-01-03 21:55:13,883 race_service [DEBUG] Starting thread <Thread(Thread-42 (_process_stage), started daemon 23460)>
2025-01-03 21:55:13,902 race_service [DEBUG] After the try except
2025-01-03 21:55:13,916 race_service [DEBUG] Race has started!
2025-01-03 21:55:13,917 race_service [DEBUG] Starting penalty tracker
2025-01-03 21:55:13,917 race_service [DEBUG] Starting thread <Thread(Thread-43 (_penalty_tracker), started daemon 24120)>
2025-01-03 21:55:13,917 race_service [DEBUG] Penalty tracker active
2025-01-03 21:55:13,917 race_service [INFO] Stage 1 started - ends on lap 10
2025-01-03 21:55:13,917 race_service [DEBUG] Starting thread <Thread(Thread-44 (_process_stage), started daemon 19516)>
2025-01-03 21:55:13,936 race_service [DEBUG] After the try except
2025-01-03 21:55:13,948 race_service [DEBUG] Race has started!
2025-01-03 21:55:13,949 race_service [DEBUG] Starting penalty tracker
2025-01-03 21:55:13,949 race_service [DEBUG] Starting thread <Thread(Thread-45 (_penalty_tracker), started daemon 13432)>
2025-01-03 21:55:13,949 race_service [DEBUG] Penalty tracker active
2025-01-03 21:55:13,950 race_service [INFO] Stage 1 started - ends on lap 10
2025-01-03 21:55:13,950 race_service [DEBUG] Starting thread <Thread(Thread-46 (_process_stage), started daemon 23584)>
2025-01-03 21:55:13,967 race_service [DEBUG] After the try except
2025-01-03 21:55:13,984 race_service [DEBUG] Race has started!
2025-01-03 21:55:13,984 race_service [DEBUG] Starting penalty tracker
2025-01-03 21:55:13,984 race_service [DEBUG] Starting thread <Thread(Thread-47 (_penalty_tracker), started daemon 9968)>
2025-01-03 21:55:13,984 race_service [DEBUG] Penalty tracker active
2025-01-03 21:55:13,985 race_service [INFO] Stage 1 started - ends on lap 10
2025-01-03 21:55:13,985 race_service [DEBUG] Starting thread <Thread(Thread-48 (_process_stage), started daemon 6504)>
2025-01-03 21:55:14,001 race_service [DEBUG] After the try except
2025-01-03 21:55:14,015 race_service [DEBUG] Race has started!
2025-01-03 21:55:14,015 race_service [DEBUG] Starting penalty tracker
2025-01-03 21:55:14,015 race_service [DEBUG] Starting thread <Thread(Thread-49 (_penalty_tracker), started daemon 23304)>
2025-01-03 21:55:14,015 race_service [DEBUG] Penalty tracker active
2025-01-03 21:55:14,016 race_service [INFO] Stage 1 started - ends on lap 10
2025-01-03 21:55:14,016 race_service [DEBUG] Starting thread <Thread(Thread-50 (_process_stage), started daemon 10564)>
2025-01-03 21:55:14,035 race_service [DEBUG] After the try except
2025-01-03 21:55:14,050 race_service [DEBUG] Race has started!
2025-01-03 21:55:14,050 race_service [DEBUG] Starting penalty tracker
2025-01-03 21:55:14,050 race_service [DEBUG] Starting thread <Thread(Thread-51 (_penalty_tracker), started daemon 23620)>
2025-01-03 21:55:14,050 race_service [DEBUG] Penalty tracker active
2025-01-03 21:55:14,051 race_service [INFO] Stage 1 started - ends on lap 10
2025-01-03 21:55:14,051 race_service [DEBUG] Starting thread <Thread(Thread-52 (_process_stage), started daemon 22872)>
2025-01-03 21:55:14,068 race_service [DEBUG] After the try except
2025-01-03 21:55:14,082 race_service [DEBUG] Race has started!
2025-01-03 21:55:14,082 race_service [DEBUG] Starting penalty tracker
2025-01-03 21:55:14,082 race_service [DEBUG] Starting thread <Thread(Thread-53 (_penalty_tracker), started daemon 10520)>
2025-01-03 21:55:14,082 race_service [DEBUG] Penalty tracker active
2025-01-03 21:55:14,083 race_service [INFO] Stage 1 started - ends on lap 10
2025-01-03 21:55:14,083 race_service [DEBUG] Starting thread <Thread(Thread-54 (_process_stage), started daemon 24084)>
2025-01-03 21:55:14,102 race_service [DEBUG] After the try except
2025-01-03 21:55:14,117 race_service [DEBUG] Race has started!
2025-01-03 21:55:14,118 race_service [DEBUG] Starting penalty tracker
2025-01-03 21:55:14,118 race_service [DEBUG] Starting thread <Thread(Thread-55 (_penalty_tracker), started daemon 19492)>
2025-01-03 21:55:14,118 race_service [DEBUG] Penalty tracker active
2025-01-03 21:55:14,118 race_service [INFO] Stage 1 started - ends on lap 10
2025-01-03 21:55:14,118 race_service [DEBUG] Starting thread <Thread(Thread-56 (_process_stage), started daemon 17344)>
2025-01-03 21:55:14,135 race_service [DEBUG] After the try except
2025-01-03 21:55:14,150 race_service [DEBUG] Race has started!
2025-01-03 21:55:14,151 race_service [DEBUG] Starting penalty tracker
2025-01-03 21:55:14,151 race_service [DEBUG] Starting thread <Thread(Thread-57 (_penalty_tracker), started daemon 23384)>
2025-01-03 21:55:14,152 race_service [DEBUG] Penalty tracker active
2025-01-03 21:55:14,152 race_service [INFO] Stage 1 started - ends on lap 10
2025-01-03 21:55:14,152 race_service [DEBUG] Starting thread <Thread(Thread-58 (_process_stage), started daemon 11396)>
2025-01-03 21:55:15,202 race_service [DEBUG] Penalty tracker active
2025-01-03 21:55:16,230 race_service [DEBUG] Penalty tracker active
2025-01-03 21:55:17,240 race_service [DEBUG] Penalty tracker active
2025-01-03 21:55:18,253 race_service [DEBUG] Penalty tracker active
2025-01-03 21:55:19,280 race_service [DEBUG] Penalty tracker active
2025-01-03 21:55:20,290 race_service [DEBUG] Penalty tracker active
2025-01-03 21:55:21,300 race_service [DEBUG] Penalty tracker active
2025-01-03 21:55:22,331 race_service [DEBUG] Penalty tracker active
2025-01-03 21:55:23,346 race_service [DEBUG] Penalty tracker active
2025-01-03 21:55:24,356 race_service [DEBUG] Penalty tracker active
2025-01-03 21:55:25,369 race_service [DEBUG] Penalty tracker active
2025-01-03 21:55:26,398 race_service [DEBUG] Penalty tracker active
2025-01-03 21:55:27,414 race_service [DEBUG] Penalty tracker active
2025-01-03 21:55:28,422 race_service [DEBUG] Penalty tracker active
2025-01-03 21:55:29,433 race_service [DEBUG] Penalty tracker active
2025-01-03 21:55:30,460 race_service [DEBUG] Penalty tracker active
2025-01-03 21:55:31,470 race_service [DEBUG] Penalty tracker active
2025-01-03 21:55:32,499 race_service [DEBUG] Penalty tracker active
2025-01-03 21:55:33,507 race_service [DEBUG] Penalty tracker active
2025-01-03 21:55:34,520 race_service [DEBUG] Penalty tracker active
2025-01-03 21:55:35,547 race_service [DEBUG] Penalty tracker active
2025-01-03 21:55:36,556 race_service [DEBUG] Penalty tracker active
2025-01-03 21:55:37,566 race_service [DEBUG] Penalty tracker active
2025-01-03 21:55:38,576 race_service [DEBUG] Penalty tracker active
2025-01-03 21:55:39,585 race_service [DEBUG] Penalty tracker active
2025-01-03 21:55:40,610 race_service [DEBUG] Penalty tracker active
2025-01-03 21:55:41,620 race_service [DEBUG] Penalty tracker active
2025-01-03 21:55:42,649 race_service [DEBUG] Penalty tracker active
2025-01-03 21:55:43,655 race_service [DEBUG] Penalty tracker active
2025-01-03 21:55:44,681 race_service [DEBUG] Penalty tracker active
2025-01-03 21:55:44,718 race_service [DEBUG] Lap 2 (penalty_tracker)
2025-01-03 21:55:44,733 race_service [DEBUG] No cars on pitroad
2025-01-03 21:55:46,748 race_service [DEBUG] Penalty tracker active
2025-01-03 21:55:46,775 race_service [DEBUG] Lap 2 (penalty_tracker)
2025-01-03 21:55:46,783 race_service [DEBUG] No cars on pitroad
2025-01-03 21:55:48,798 race_service [DEBUG] Penalty tracker active
2025-01-03 21:55:48,824 race_service [DEBUG] Lap 2 (penalty_tracker)
2025-01-03 21:55:48,835 race_service [DEBUG] No cars on pitroad
2025-01-03 21:55:50,848 race_service [DEBUG] Penalty tracker active
2025-01-03 21:55:50,849 race_service [DEBUG] Lap 2 (penalty_tracker)
2025-01-03 21:55:50,869 race_service [DEBUG] No cars on pitroad
2025-01-03 21:55:52,895 race_service [DEBUG] Penalty tracker active
2025-01-03 21:55:52,903 race_service [DEBUG] Lap 2 (penalty_tracker)
2025-01-03 21:55:52,920 race_service [DEBUG] No cars on pitroad
2025-01-03 21:55:54,932 race_service [DEBUG] Penalty tracker active
2025-01-03 21:55:54,935 race_service [DEBUG] Lap 2 (penalty_tracker)
2025-01-03 21:55:54,952 race_service [DEBUG] No cars on pitroad
2025-01-03 21:55:56,965 race_service [DEBUG] Penalty tracker active
2025-01-03 21:55:56,967 race_service [DEBUG] Lap 2 (penalty_tracker)
2025-01-03 21:55:56,983 race_service [DEBUG] No cars on pitroad
2025-01-03 21:55:58,998 race_service [DEBUG] Penalty tracker active
2025-01-03 21:55:59,000 race_service [DEBUG] Lap 2 (penalty_tracker)
2025-01-03 21:55:59,018 race_service [DEBUG] No cars on pitroad
2025-01-03 21:56:01,037 race_service [DEBUG] Penalty tracker active
2025-01-03 21:56:01,050 race_service [DEBUG] Lap 2 (penalty_tracker)
2025-01-03 21:56:01,068 race_service [DEBUG] No cars on pitroad
2025-01-03 21:56:03,088 race_service [DEBUG] Penalty tracker active
2025-01-03 21:56:03,101 race_service [DEBUG] Lap 2 (penalty_tracker)
2025-01-03 21:56:03,117 race_service [DEBUG] No cars on pitroad
2025-01-03 21:56:05,141 race_service [DEBUG] Penalty tracker active
2025-01-03 21:56:05,151 race_service [DEBUG] Lap 2 (penalty_tracker)
2025-01-03 21:56:05,167 race_service [DEBUG] No cars on pitroad
2025-01-03 21:56:07,193 race_service [DEBUG] Penalty tracker active
2025-01-03 21:56:07,199 race_service [DEBUG] Lap 2 (penalty_tracker)
2025-01-03 21:56:07,218 race_service [DEBUG] No cars on pitroad
2025-01-03 21:56:09,234 race_service [DEBUG] Penalty tracker active
2025-01-03 21:56:09,271 race_service [DEBUG] Lap 2 (penalty_tracker)
2025-01-03 21:56:09,285 race_service [DEBUG] No cars on pitroad
2025-01-03 21:56:11,298 race_service [DEBUG] Penalty tracker active
2025-01-03 21:56:11,340 race_service [DEBUG] Lap 3 (penalty_tracker)
2025-01-03 21:56:11,352 race_service [DEBUG] No cars on pitroad
2025-01-03 21:56:13,367 race_service [DEBUG] Penalty tracker active
2025-01-03 21:56:13,420 race_service [DEBUG] Lap 3 (penalty_tracker)
2025-01-03 21:56:13,434 race_service [DEBUG] No cars on pitroad
2025-01-03 21:56:15,451 race_service [DEBUG] Penalty tracker active
2025-01-03 21:56:15,469 race_service [DEBUG] Lap 3 (penalty_tracker)
2025-01-03 21:56:15,484 race_service [DEBUG] No cars on pitroad
2025-01-03 21:56:17,503 race_service [DEBUG] Penalty tracker active
2025-01-03 21:56:17,517 race_service [DEBUG] Lap 3 (penalty_tracker)
2025-01-03 21:56:17,534 race_service [DEBUG] No cars on pitroad
2025-01-03 21:56:19,555 race_service [DEBUG] Penalty tracker active
2025-01-03 21:56:19,568 race_service [DEBUG] Lap 3 (penalty_tracker)
2025-01-03 21:56:19,584 race_service [DEBUG] No cars on pitroad
2025-01-03 21:56:21,606 race_service [DEBUG] Penalty tracker active
2025-01-03 21:56:21,617 race_service [DEBUG] Lap 3 (penalty_tracker)
2025-01-03 21:56:21,636 race_service [DEBUG] No cars on pitroad
2025-01-03 21:56:23,660 race_service [DEBUG] Penalty tracker active
2025-01-03 21:56:23,669 race_service [DEBUG] Lap 3 (penalty_tracker)
2025-01-03 21:56:23,684 race_service [DEBUG] No cars on pitroad
2025-01-03 21:56:25,700 race_service [DEBUG] Penalty tracker active
2025-01-03 21:56:25,703 race_service [DEBUG] Lap 3 (penalty_tracker)
2025-01-03 21:56:25,719 race_service [DEBUG] No cars on pitroad
2025-01-03 21:56:27,733 race_service [DEBUG] Penalty tracker active
2025-01-03 21:56:27,734 race_service [DEBUG] Lap 3 (penalty_tracker)
2025-01-03 21:56:27,751 race_service [DEBUG] No cars on pitroad
2025-01-03 21:56:29,768 race_service [DEBUG] Penalty tracker active
2025-01-03 21:56:29,784 race_service [DEBUG] Lap 3 (penalty_tracker)
2025-01-03 21:56:29,802 race_service [DEBUG] No cars on pitroad
2025-01-03 21:56:31,822 race_service [DEBUG] Penalty tracker active
2025-01-03 21:56:31,834 race_service [DEBUG] Lap 3 (penalty_tracker)
2025-01-03 21:56:31,852 race_service [DEBUG] No cars on pitroad
2025-01-03 21:56:33,876 race_service [DEBUG] Penalty tracker active
2025-01-03 21:56:33,923 race_service [DEBUG] Lap 4 (penalty_tracker)
2025-01-03 21:56:33,935 race_service [DEBUG] No cars on pitroad
2025-01-03 21:56:35,964 race_service [DEBUG] Penalty tracker active
2025-01-03 21:56:36,000 race_service [DEBUG] Lap 4 (penalty_tracker)
2025-01-03 21:56:36,002 race_service [DEBUG] No cars on pitroad
2025-01-03 21:56:38,017 race_service [DEBUG] Penalty tracker active
2025-01-03 21:56:38,051 race_service [DEBUG] Lap 4 (penalty_tracker)
2025-01-03 21:56:38,053 race_service [DEBUG] No cars on pitroad
2025-01-03 21:56:40,073 race_service [DEBUG] Penalty tracker active
2025-01-03 21:56:40,117 race_service [DEBUG] Lap 4 (penalty_tracker)
2025-01-03 21:56:40,119 race_service [DEBUG] No cars on pitroad
2025-01-03 21:56:42,142 race_service [DEBUG] Penalty tracker active
2025-01-03 21:56:42,153 race_service [DEBUG] Lap 4 (penalty_tracker)
2025-01-03 21:56:42,169 race_service [DEBUG] No cars on pitroad
2025-01-03 21:56:44,196 race_service [DEBUG] Penalty tracker active
2025-01-03 21:56:44,202 race_service [DEBUG] Lap 4 (penalty_tracker)
2025-01-03 21:56:44,220 race_service [DEBUG] No cars on pitroad
2025-01-03 21:56:46,234 race_service [DEBUG] Penalty tracker active
2025-01-03 21:56:46,236 race_service [DEBUG] Lap 4 (penalty_tracker)
2025-01-03 21:56:46,253 race_service [DEBUG] No cars on pitroad
2025-01-03 21:56:48,270 race_service [DEBUG] Penalty tracker active
2025-01-03 21:56:48,287 race_service [DEBUG] Lap 4 (penalty_tracker)
2025-01-03 21:56:48,303 race_service [DEBUG] No cars on pitroad
2025-01-03 21:56:50,325 race_service [DEBUG] Penalty tracker active
2025-01-03 21:56:50,335 race_service [DEBUG] Lap 4 (penalty_tracker)
2025-01-03 21:56:50,352 race_service [DEBUG] No cars on pitroad
2025-01-03 21:56:52,376 race_service [DEBUG] Penalty tracker active
2025-01-03 21:56:52,386 race_service [DEBUG] Lap 4 (penalty_tracker)
2025-01-03 21:56:52,402 race_service [DEBUG] No cars on pitroad
2025-01-03 21:56:54,427 race_service [DEBUG] Penalty tracker active
2025-01-03 21:56:54,436 race_service [DEBUG] Lap 4 (penalty_tracker)
2025-01-03 21:56:54,452 race_service [DEBUG] No cars on pitroad
2025-01-03 21:56:56,469 race_service [DEBUG] Penalty tracker active
2025-01-03 21:56:56,471 race_service [DEBUG] Lap 4 (penalty_tracker)
2025-01-03 21:56:56,485 race_service [DEBUG] No cars on pitroad
2025-01-03 21:56:58,506 race_service [DEBUG] Penalty tracker active
2025-01-03 21:56:58,570 race_service [DEBUG] Lap 5 (penalty_tracker)
2025-01-03 21:56:58,586 race_service [DEBUG] No cars on pitroad
2025-01-03 21:57:00,605 race_service [DEBUG] Penalty tracker active
2025-01-03 21:57:00,651 race_service [DEBUG] Lap 5 (penalty_tracker)
2025-01-03 21:57:00,654 race_service [DEBUG] No cars on pitroad
2025-01-03 21:57:02,672 race_service [DEBUG] Penalty tracker active
2025-01-03 21:57:02,719 race_service [DEBUG] Lap 5 (penalty_tracker)
2025-01-03 21:57:02,736 race_service [DEBUG] No cars on pitroad
2025-01-03 21:57:04,760 race_service [DEBUG] Penalty tracker active
2025-01-03 21:57:04,769 race_service [DEBUG] Lap 5 (penalty_tracker)
2025-01-03 21:57:04,785 race_service [DEBUG] No cars on pitroad
2025-01-03 21:57:06,797 race_service [DEBUG] Penalty tracker active
2025-01-03 21:57:06,802 race_service [DEBUG] Lap 5 (penalty_tracker)
2025-01-03 21:57:06,819 race_service [DEBUG] No cars on pitroad
2025-01-03 21:57:08,836 race_service [DEBUG] Penalty tracker active
2025-01-03 21:57:08,852 race_service [DEBUG] Lap 5 (penalty_tracker)
2025-01-03 21:57:08,870 race_service [DEBUG] No cars on pitroad
2025-01-03 21:57:10,890 race_service [DEBUG] Penalty tracker active
2025-01-03 21:57:10,902 race_service [DEBUG] Lap 5 (penalty_tracker)
2025-01-03 21:57:10,921 race_service [DEBUG] No cars on pitroad
2025-01-03 21:57:12,946 race_service [DEBUG] Penalty tracker active
2025-01-03 21:57:12,953 race_service [DEBUG] Lap 5 (penalty_tracker)
2025-01-03 21:57:12,969 race_service [DEBUG] No cars on pitroad
2025-01-03 21:57:14,985 race_service [DEBUG] Penalty tracker active
2025-01-03 21:57:15,002 race_service [DEBUG] Lap 5 (penalty_tracker)
2025-01-03 21:57:15,020 race_service [DEBUG] No cars on pitroad
2025-01-03 21:57:17,039 race_service [DEBUG] Penalty tracker active
2025-01-03 21:57:17,052 race_service [DEBUG] Lap 5 (penalty_tracker)
2025-01-03 21:57:17,070 race_service [DEBUG] No cars on pitroad
2025-01-03 21:57:19,096 race_service [DEBUG] Penalty tracker active
2025-01-03 21:57:19,104 race_service [DEBUG] Lap 5 (penalty_tracker)
2025-01-03 21:57:19,122 race_service [DEBUG] No cars on pitroad
2025-01-03 21:57:21,135 race_service [DEBUG] Penalty tracker active
2025-01-03 21:57:21,136 race_service [DEBUG] Lap 5 (penalty_tracker)
2025-01-03 21:57:21,155 race_service [DEBUG] No cars on pitroad
2025-01-03 21:57:23,175 race_service [DEBUG] Penalty tracker active
2025-01-03 21:57:23,219 race_service [DEBUG] Lap 5 (penalty_tracker)
2025-01-03 21:57:23,220 race_service [DEBUG] No cars on pitroad
2025-01-03 21:57:25,246 race_service [DEBUG] Penalty tracker active
2025-01-03 21:57:25,294 race_service [DEBUG] Lap 6 (penalty_tracker)
2025-01-03 21:57:25,305 race_service [DEBUG] No cars on pitroad
2025-01-03 21:57:27,333 race_service [DEBUG] Penalty tracker active
2025-01-03 21:57:27,375 race_service [DEBUG] Lap 6 (penalty_tracker)
2025-01-03 21:57:27,387 race_service [DEBUG] No cars on pitroad
2025-01-03 21:57:29,402 race_service [DEBUG] Penalty tracker active
2025-01-03 21:57:29,438 race_service [DEBUG] Lap 6 (penalty_tracker)
2025-01-03 21:57:29,454 race_service [DEBUG] No cars on pitroad
2025-01-03 21:57:31,472 race_service [DEBUG] Penalty tracker active
2025-01-03 21:57:31,487 race_service [DEBUG] Lap 6 (penalty_tracker)
2025-01-03 21:57:31,505 race_service [DEBUG] No cars on pitroad
2025-01-03 21:57:33,526 race_service [DEBUG] Penalty tracker active
2025-01-03 21:57:33,535 race_service [DEBUG] Lap 6 (penalty_tracker)
2025-01-03 21:57:33,553 race_service [DEBUG] No cars on pitroad
2025-01-03 21:57:35,568 race_service [DEBUG] Penalty tracker active
2025-01-03 21:57:35,570 race_service [DEBUG] Lap 6 (penalty_tracker)
2025-01-03 21:57:35,587 race_service [DEBUG] No cars on pitroad
2025-01-03 21:57:37,605 race_service [DEBUG] Penalty tracker active
2025-01-03 21:57:37,620 race_service [DEBUG] Lap 6 (penalty_tracker)
2025-01-03 21:57:37,637 race_service [DEBUG] No cars on pitroad
2025-01-03 21:57:39,660 race_service [DEBUG] Penalty tracker active
2025-01-03 21:57:39,670 race_service [DEBUG] Lap 6 (penalty_tracker)
2025-01-03 21:57:39,687 race_service [DEBUG] No cars on pitroad
2025-01-03 21:57:41,711 race_service [DEBUG] Penalty tracker active
2025-01-03 21:57:41,720 race_service [DEBUG] Lap 6 (penalty_tracker)
2025-01-03 21:57:41,737 race_service [DEBUG] No cars on pitroad
2025-01-03 21:57:43,749 race_service [DEBUG] Penalty tracker active
2025-01-03 21:57:43,754 race_service [DEBUG] Lap 6 (penalty_tracker)
2025-01-03 21:57:43,770 race_service [DEBUG] No cars on pitroad
2025-01-03 21:57:45,788 race_service [DEBUG] Penalty tracker active
2025-01-03 21:57:45,803 race_service [DEBUG] Lap 6 (penalty_tracker)
2025-01-03 21:57:45,821 race_service [DEBUG] No cars on pitroad
2025-01-03 21:57:47,843 race_service [DEBUG] Penalty tracker active
2025-01-03 21:57:47,883 race_service [DEBUG] Lap 6 (penalty_tracker)
2025-01-03 21:57:47,889 race_service [DEBUG] No cars on pitroad
2025-01-03 21:57:49,912 race_service [DEBUG] Penalty tracker active
2025-01-03 21:57:49,956 race_service [DEBUG] Lap 7 (penalty_tracker)
2025-01-03 21:57:49,971 race_service [DEBUG] No cars on pitroad
2025-01-03 21:57:51,995 race_service [DEBUG] Penalty tracker active
2025-01-03 21:57:52,032 race_service [DEBUG] Lap 7 (penalty_tracker)
2025-01-03 21:57:52,037 race_service [DEBUG] No cars on pitroad
2025-01-03 21:57:54,052 race_service [DEBUG] Penalty tracker active
2025-01-03 21:57:54,088 race_service [DEBUG] Lap 7 (penalty_tracker)
2025-01-03 21:57:54,105 race_service [DEBUG] No cars on pitroad
2025-01-03 21:57:56,122 race_service [DEBUG] Penalty tracker active
2025-01-03 21:57:56,136 race_service [DEBUG] Lap 7 (penalty_tracker)
2025-01-03 21:57:56,154 race_service [DEBUG] No cars on pitroad
2025-01-03 21:57:58,173 race_service [DEBUG] Penalty tracker active
2025-01-03 21:57:58,187 race_service [DEBUG] Lap 7 (penalty_tracker)
2025-01-03 21:57:58,203 race_service [DEBUG] No cars on pitroad
2025-01-03 21:58:00,229 race_service [DEBUG] Penalty tracker active
2025-01-03 21:58:00,237 race_service [DEBUG] Lap 7 (penalty_tracker)
2025-01-03 21:58:00,253 race_service [DEBUG] No cars on pitroad
2025-01-03 21:58:02,270 race_service [DEBUG] Penalty tracker active
2025-01-03 21:58:02,272 race_service [DEBUG] Lap 7 (penalty_tracker)
2025-01-03 21:58:02,287 race_service [DEBUG] No cars on pitroad
2025-01-03 21:58:04,304 race_service [DEBUG] Penalty tracker active
2025-01-03 21:58:04,321 race_service [DEBUG] Lap 7 (penalty_tracker)
2025-01-03 21:58:04,337 race_service [DEBUG] No cars on pitroad
2025-01-03 21:58:06,353 race_service [DEBUG] Penalty tracker active
2025-01-03 21:58:06,370 race_service [DEBUG] Lap 7 (penalty_tracker)
2025-01-03 21:58:06,387 race_service [DEBUG] No cars on pitroad
2025-01-03 21:58:08,406 race_service [DEBUG] Penalty tracker active
2025-01-03 21:58:08,419 race_service [DEBUG] Lap 7 (penalty_tracker)
2025-01-03 21:58:08,438 race_service [DEBUG] No cars on pitroad
2025-01-03 21:58:10,457 race_service [DEBUG] Penalty tracker active
2025-01-03 21:58:10,471 race_service [DEBUG] Lap 7 (penalty_tracker)
2025-01-03 21:58:10,488 race_service [DEBUG] No cars on pitroad
2025-01-03 21:58:12,511 race_service [DEBUG] Penalty tracker active
2025-01-03 21:58:12,569 race_service [DEBUG] Lap 7 (penalty_tracker)
2025-01-03 21:58:12,571 race_service [DEBUG] No cars on pitroad
2025-01-03 21:58:14,596 race_service [DEBUG] Penalty tracker active
2025-01-03 21:58:14,631 race_service [DEBUG] Lap 8 (penalty_tracker)
2025-01-03 21:58:14,639 race_service [DEBUG] No cars on pitroad
2025-01-03 21:58:16,668 race_service [DEBUG] Penalty tracker active
2025-01-03 21:58:16,703 race_service [DEBUG] Lap 8 (penalty_tracker)
2025-01-03 21:58:16,720 race_service [DEBUG] No cars on pitroad
2025-01-03 21:58:18,737 race_service [DEBUG] Penalty tracker active
2025-01-03 21:58:18,788 race_service [DEBUG] Lap 8 (penalty_tracker)
2025-01-03 21:58:18,804 race_service [DEBUG] No cars on pitroad
2025-01-03 21:58:20,822 race_service [DEBUG] Penalty tracker active
2025-01-03 21:58:20,836 race_service [DEBUG] Lap 8 (penalty_tracker)
2025-01-03 21:58:20,855 race_service [DEBUG] No cars on pitroad
2025-01-03 21:58:22,875 race_service [DEBUG] Penalty tracker active
2025-01-03 21:58:22,887 race_service [DEBUG] Lap 8 (penalty_tracker)
2025-01-03 21:58:22,902 race_service [DEBUG] No cars on pitroad
2025-01-03 21:58:24,929 race_service [DEBUG] Penalty tracker active
2025-01-03 21:58:24,936 race_service [DEBUG] Lap 8 (penalty_tracker)
2025-01-03 21:58:24,952 race_service [DEBUG] No cars on pitroad
2025-01-03 21:58:26,969 race_service [DEBUG] Penalty tracker active
2025-01-03 21:58:26,986 race_service [DEBUG] Lap 8 (penalty_tracker)
2025-01-03 21:58:27,003 race_service [DEBUG] No cars on pitroad
2025-01-03 21:58:29,024 race_service [DEBUG] Penalty tracker active
2025-01-03 21:58:29,036 race_service [DEBUG] Lap 8 (penalty_tracker)
2025-01-03 21:58:29,053 race_service [DEBUG] No cars on pitroad
2025-01-03 21:58:31,082 race_service [DEBUG] Penalty tracker active
2025-01-03 21:58:31,085 race_service [DEBUG] Lap 8 (penalty_tracker)
2025-01-03 21:58:31,102 race_service [DEBUG] No cars on pitroad
2025-01-03 21:58:33,124 race_service [DEBUG] Penalty tracker active
2025-01-03 21:58:33,137 race_service [DEBUG] Lap 8 (penalty_tracker)
2025-01-03 21:58:33,154 race_service [DEBUG] No cars on pitroad
2025-01-03 21:58:35,178 race_service [DEBUG] Penalty tracker active
2025-01-03 21:58:35,234 race_service [DEBUG] Lap 8 (penalty_tracker)
2025-01-03 21:58:35,237 race_service [DEBUG] No cars on pitroad
2025-01-03 21:58:37,265 race_service [DEBUG] Penalty tracker active
2025-01-03 21:58:37,303 race_service [DEBUG] Lap 8 (penalty_tracker)
2025-01-03 21:58:37,318 race_service [DEBUG] No cars on pitroad
2025-01-03 21:58:39,333 race_service [DEBUG] Penalty tracker active
2025-01-03 21:58:39,377 race_service [DEBUG] Lap 9 (penalty_tracker)
2025-01-03 21:58:39,386 race_service [DEBUG] No cars on pitroad
2025-01-03 21:58:41,401 race_service [DEBUG] Penalty tracker active
2025-01-03 21:58:41,438 race_service [DEBUG] Lap 9 (penalty_tracker)
2025-01-03 21:58:41,452 race_service [DEBUG] No cars on pitroad
2025-01-03 21:58:43,469 race_service [DEBUG] Penalty tracker active
2025-01-03 21:58:43,521 race_service [DEBUG] Lap 9 (penalty_tracker)
2025-01-03 21:58:43,536 race_service [DEBUG] No cars on pitroad
2025-01-03 21:58:45,550 race_service [DEBUG] Penalty tracker active
2025-01-03 21:58:45,553 race_service [DEBUG] Lap 9 (penalty_tracker)
2025-01-03 21:58:45,569 race_service [DEBUG] No cars on pitroad
2025-01-03 21:58:47,590 race_service [DEBUG] Penalty tracker active
2025-01-03 21:58:47,602 race_service [DEBUG] Lap 9 (penalty_tracker)
2025-01-03 21:58:47,620 race_service [DEBUG] No cars on pitroad
2025-01-03 21:58:49,641 race_service [DEBUG] Penalty tracker active
2025-01-03 21:58:49,653 race_service [DEBUG] Lap 9 (penalty_tracker)
2025-01-03 21:58:49,669 race_service [DEBUG] No cars on pitroad
2025-01-03 21:58:51,684 race_service [DEBUG] Penalty tracker active
2025-01-03 21:58:51,686 race_service [DEBUG] Lap 9 (penalty_tracker)
2025-01-03 21:58:51,705 race_service [DEBUG] No cars on pitroad
2025-01-03 21:58:53,718 race_service [DEBUG] Penalty tracker active
2025-01-03 21:58:53,737 race_service [DEBUG] Lap 9 (penalty_tracker)
2025-01-03 21:58:53,753 race_service [DEBUG] No cars on pitroad
2025-01-03 21:58:55,770 race_service [DEBUG] Penalty tracker active
2025-01-03 21:58:55,786 race_service [DEBUG] Lap 9 (penalty_tracker)
2025-01-03 21:58:55,804 race_service [DEBUG] No cars on pitroad
2025-01-03 21:58:57,819 race_service [DEBUG] Penalty tracker active
2025-01-03 21:58:57,837 race_service [DEBUG] Lap 9 (penalty_tracker)
2025-01-03 21:58:57,852 race_service [DEBUG] No cars on pitroad
2025-01-03 21:58:59,872 race_service [DEBUG] Penalty tracker active
2025-01-03 21:58:59,888 race_service [DEBUG] Lap 9 (penalty_tracker)
2025-01-03 21:58:59,904 race_service [DEBUG] No cars on pitroad
2025-01-03 21:59:01,926 race_service [DEBUG] Penalty tracker active
2025-01-03 21:59:01,965 race_service [DEBUG] Lap 9 (penalty_tracker)
2025-01-03 21:59:01,969 race_service [DEBUG] No cars on pitroad
2025-01-03 21:59:03,990 race_service [DEBUG] Penalty tracker active
2025-01-03 21:59:04,036 race_service [DEBUG] Lap 10 (penalty_tracker)
2025-01-03 21:59:04,053 race_service [DEBUG] No cars on pitroad
2025-01-03 21:59:06,071 race_service [DEBUG] Penalty tracker active
2025-01-03 21:59:06,124 race_service [DEBUG] Lap 10 (penalty_tracker)
2025-01-03 21:59:06,137 race_service [DEBUG] No cars on pitroad
2025-01-03 21:59:08,156 race_service [DEBUG] Penalty tracker active
2025-01-03 21:59:08,213 race_service [DEBUG] Lap 10 (penalty_tracker)
2025-01-03 21:59:08,220 race_service [DEBUG] No cars on pitroad
2025-01-03 21:59:10,240 race_service [DEBUG] Penalty tracker active
2025-01-03 21:59:10,289 race_service [DEBUG] Lap 10 (penalty_tracker)
2025-01-03 21:59:10,302 race_service [DEBUG] No cars on pitroad
2025-01-03 21:59:12,324 race_service [DEBUG] Penalty tracker active
2025-01-03 21:59:12,336 race_service [DEBUG] Lap 10 (penalty_tracker)
2025-01-03 21:59:12,353 race_service [DEBUG] No cars on pitroad
2025-01-03 21:59:14,381 race_service [DEBUG] Penalty tracker active
2025-01-03 21:59:14,386 race_service [DEBUG] Lap 10 (penalty_tracker)
2025-01-03 21:59:14,404 race_service [DEBUG] No cars on pitroad
2025-01-03 21:59:16,421 race_service [DEBUG] Penalty tracker active
2025-01-03 21:59:16,435 race_service [DEBUG] Lap 10 (penalty_tracker)
2025-01-03 21:59:16,454 race_service [DEBUG] No cars on pitroad
2025-01-03 21:59:18,478 race_service [DEBUG] Penalty tracker active
2025-01-03 21:59:18,486 race_service [DEBUG] Lap 10 (penalty_tracker)
2025-01-03 21:59:18,504 race_service [DEBUG] No cars on pitroad
2025-01-03 21:59:20,522 race_service [DEBUG] Penalty tracker active
2025-01-03 21:59:20,535 race_service [DEBUG] Lap 10 (penalty_tracker)
2025-01-03 21:59:20,553 race_service [DEBUG] No cars on pitroad
2025-01-03 21:59:22,579 race_service [DEBUG] Penalty tracker active
2025-01-03 21:59:22,586 race_service [DEBUG] Lap 10 (penalty_tracker)
2025-01-03 21:59:22,602 race_service [DEBUG] No cars on pitroad
2025-01-03 21:59:24,622 race_service [DEBUG] Penalty tracker active
2025-01-03 21:59:24,637 race_service [DEBUG] Lap 10 (penalty_tracker)
2025-01-03 21:59:24,654 race_service [DEBUG] No cars on pitroad
2025-01-03 21:59:26,678 race_service [DEBUG] Penalty tracker active
2025-01-03 21:59:26,719 race_service [DEBUG] Lap 10 (penalty_tracker)
2025-01-03 21:59:26,736 race_service [DEBUG] No cars on pitroad
2025-01-03 21:59:28,768 race_service [DEBUG] Penalty tracker active
2025-01-03 21:59:28,796 race_service [DEBUG] Lap 11 (penalty_tracker)
2025-01-03 21:59:28,803 race_service [DEBUG] No cars on pitroad
2025-01-03 21:59:30,834 race_service [DEBUG] Penalty tracker active
2025-01-03 21:59:30,868 race_service [DEBUG] Lap 11 (penalty_tracker)
2025-01-03 21:59:30,870 race_service [DEBUG] No cars on pitroad
2025-01-03 21:59:32,888 race_service [DEBUG] Penalty tracker active
2025-01-03 21:59:32,955 race_service [DEBUG] Lap 11 (penalty_tracker)
2025-01-03 21:59:32,969 race_service [DEBUG] No cars on pitroad
2025-01-03 21:59:34,987 race_service [DEBUG] Penalty tracker active
2025-01-03 21:59:35,037 race_service [DEBUG] Lap 11 (penalty_tracker)
2025-01-03 21:59:35,053 race_service [DEBUG] No cars on pitroad
2025-01-03 21:59:37,074 race_service [DEBUG] Penalty tracker active
2025-01-03 21:59:37,086 race_service [DEBUG] Lap 11 (penalty_tracker)
2025-01-03 21:59:37,103 race_service [DEBUG] No cars on pitroad
2025-01-03 21:59:39,128 race_service [DEBUG] Penalty tracker active
2025-01-03 21:59:39,136 race_service [DEBUG] Lap 11 (penalty_tracker)
2025-01-03 21:59:39,156 race_service [DEBUG] No cars on pitroad
2025-01-03 21:59:41,185 race_service [DEBUG] Penalty tracker active
2025-01-03 21:59:41,187 race_service [DEBUG] Lap 11 (penalty_tracker)
2025-01-03 21:59:41,203 race_service [DEBUG] No cars on pitroad
2025-01-03 21:59:43,222 race_service [DEBUG] Penalty tracker active
2025-01-03 21:59:43,236 race_service [DEBUG] Lap 11 (penalty_tracker)
2025-01-03 21:59:43,253 race_service [DEBUG] No cars on pitroad
2025-01-03 21:59:45,277 race_service [DEBUG] Penalty tracker active
2025-01-03 21:59:45,286 race_service [DEBUG] Lap 11 (penalty_tracker)
2025-01-03 21:59:45,304 race_service [DEBUG] No cars on pitroad
2025-01-03 21:59:47,331 race_service [DEBUG] Penalty tracker active
2025-01-03 21:59:47,337 race_service [DEBUG] Lap 11 (penalty_tracker)
2025-01-03 21:59:47,353 race_service [DEBUG] No cars on pitroad
2025-01-03 21:59:49,372 race_service [DEBUG] Penalty tracker active
2025-01-03 21:59:49,385 race_service [DEBUG] Lap 11 (penalty_tracker)
2025-01-03 21:59:49,404 race_service [DEBUG] No cars on pitroad
2025-01-03 21:59:51,415 race_service [DEBUG] Penalty tracker active
2025-01-03 21:59:51,420 race_service [DEBUG] Lap 11 (penalty_tracker)
2025-01-03 21:59:51,438 race_service [DEBUG] No cars on pitroad
2025-01-03 21:59:53,445 race_service [DEBUG] Penalty tracker active
2025-01-03 21:59:53,489 race_service [DEBUG] Lap 12 (penalty_tracker)
2025-01-03 21:59:53,502 race_service [DEBUG] No cars on pitroad
2025-01-03 21:59:55,516 race_service [DEBUG] Penalty tracker active
2025-01-03 21:59:55,556 race_service [DEBUG] Lap 12 (penalty_tracker)
2025-01-03 21:59:55,570 race_service [DEBUG] No cars on pitroad
2025-01-03 21:59:57,585 race_service [DEBUG] Penalty tracker active
2025-01-03 21:59:57,619 race_service [DEBUG] Lap 12 (penalty_tracker)
2025-01-03 21:59:57,636 race_service [DEBUG] No cars on pitroad
2025-01-03 21:59:59,656 race_service [DEBUG] Penalty tracker active
2025-01-03 21:59:59,712 race_service [DEBUG] Lap 12 (penalty_tracker)
2025-01-03 21:59:59,722 race_service [DEBUG] No cars on pitroad
2025-01-03 22:00:01,743 race_service [DEBUG] Penalty tracker active
2025-01-03 22:00:01,793 race_service [DEBUG] Lap 12 (penalty_tracker)
2025-01-03 22:00:01,803 race_service [DEBUG] No cars on pitroad
2025-01-03 22:00:03,833 race_service [DEBUG] Penalty tracker active
2025-01-03 22:00:03,836 race_service [DEBUG] Lap 12 (penalty_tracker)
2025-01-03 22:00:03,856 race_service [DEBUG] No cars on pitroad
2025-01-03 22:00:05,875 race_service [DEBUG] Penalty tracker active
2025-01-03 22:00:05,887 race_service [DEBUG] Lap 12 (penalty_tracker)
2025-01-03 22:00:05,904 race_service [DEBUG] No cars on pitroad
2025-01-03 22:00:07,931 race_service [DEBUG] Penalty tracker active
2025-01-03 22:00:07,937 race_service [DEBUG] Lap 12 (penalty_tracker)
2025-01-03 22:00:07,954 race_service [DEBUG] No cars on pitroad
2025-01-03 22:00:09,970 race_service [DEBUG] Penalty tracker active
2025-01-03 22:00:09,971 race_service [DEBUG] Lap 12 (penalty_tracker)
2025-01-03 22:00:09,986 race_service [DEBUG] No cars on pitroad
2025-01-03 22:00:12,009 race_service [DEBUG] Penalty tracker active
2025-01-03 22:00:12,020 race_service [DEBUG] Lap 12 (penalty_tracker)
2025-01-03 22:00:12,035 race_service [DEBUG] No cars on pitroad
2025-01-03 22:00:14,058 race_service [DEBUG] Penalty tracker active
2025-01-03 22:00:14,068 race_service [DEBUG] Lap 12 (penalty_tracker)
2025-01-03 22:00:14,086 race_service [DEBUG] No cars on pitroad
2025-01-03 22:00:16,110 race_service [DEBUG] Penalty tracker active
2025-01-03 22:00:16,121 race_service [DEBUG] Lap 12 (penalty_tracker)
2025-01-03 22:00:16,135 race_service [DEBUG] No cars on pitroad
2025-01-03 22:00:18,166 race_service [DEBUG] Penalty tracker active
2025-01-03 22:00:18,205 race_service [DEBUG] Lap 12 (penalty_tracker)
2025-01-03 22:00:18,219 race_service [DEBUG] No cars on pitroad
2025-01-03 22:00:20,235 race_service [DEBUG] Penalty tracker active
2025-01-03 22:00:20,287 race_service [DEBUG] Lap 12 (penalty_tracker)
2025-01-03 22:00:20,312 race_service [INFO] Tracking pitstop for 79
2025-01-03 22:00:21,325 race_service [DEBUG] Penalty tracker active
2025-01-03 22:00:21,338 race_service [DEBUG] Lap 12 (penalty_tracker)
2025-01-03 22:00:22,364 race_service [DEBUG] Penalty tracker active
2025-01-03 22:00:22,402 race_service [DEBUG] Lap 12 (penalty_tracker)
2025-01-03 22:00:23,408 race_service [DEBUG] Penalty tracker active
2025-01-03 22:00:23,420 race_service [DEBUG] Lap 12 (penalty_tracker)
2025-01-03 22:00:24,452 race_service [DEBUG] Penalty tracker active
2025-01-03 22:00:24,531 race_service [DEBUG] Lap 12 (penalty_tracker)
2025-01-03 22:00:25,553 race_service [DEBUG] Penalty tracker active
2025-01-03 22:00:25,555 race_service [DEBUG] Lap 12 (penalty_tracker)
2025-01-03 22:00:26,581 race_service [DEBUG] Penalty tracker active
2025-01-03 22:00:26,586 race_service [DEBUG] Lap 12 (penalty_tracker)
2025-01-03 22:00:27,608 race_service [DEBUG] Penalty tracker active
2025-01-03 22:00:27,619 race_service [DEBUG] Lap 12 (penalty_tracker)
2025-01-03 22:00:28,650 race_service [DEBUG] Penalty tracker active
2025-01-03 22:00:28,652 race_service [DEBUG] Lap 12 (penalty_tracker)
2025-01-03 22:00:29,675 race_service [DEBUG] Penalty tracker active
2025-01-03 22:00:29,689 race_service [DEBUG] Lap 12 (penalty_tracker)
2025-01-03 22:00:30,718 race_service [DEBUG] Penalty tracker active
2025-01-03 22:00:30,720 race_service [DEBUG] Lap 13 (penalty_tracker)
2025-01-03 22:00:31,742 race_service [DEBUG] Penalty tracker active
2025-01-03 22:00:31,753 race_service [DEBUG] Lap 13 (penalty_tracker)
2025-01-03 22:00:32,783 race_service [DEBUG] Penalty tracker active
2025-01-03 22:00:32,819 race_service [DEBUG] Lap 13 (penalty_tracker)
2025-01-03 22:00:33,826 race_service [DEBUG] Penalty tracker active
2025-01-03 22:00:33,836 race_service [DEBUG] Lap 13 (penalty_tracker)
2025-01-03 22:00:34,867 race_service [DEBUG] Penalty tracker active
2025-01-03 22:00:34,870 race_service [DEBUG] Lap 13 (penalty_tracker)
2025-01-03 22:00:35,894 race_service [DEBUG] Penalty tracker active
2025-01-03 22:00:35,903 race_service [DEBUG] Lap 13 (penalty_tracker)
2025-01-03 22:00:36,922 race_service [DEBUG] Penalty tracker active
2025-01-03 22:00:36,937 race_service [DEBUG] Lap 13 (penalty_tracker)
2025-01-03 22:00:37,967 race_service [DEBUG] Penalty tracker active
2025-01-03 22:00:37,969 race_service [DEBUG] Lap 13 (penalty_tracker)
2025-01-03 22:00:38,993 race_service [DEBUG] Penalty tracker active
2025-01-03 22:00:39,001 race_service [DEBUG] Lap 13 (penalty_tracker)
2025-01-03 22:00:40,021 race_service [DEBUG] Penalty tracker active
2025-01-03 22:00:40,037 race_service [DEBUG] Lap 13 (penalty_tracker)
2025-01-03 22:00:41,067 race_service [DEBUG] Penalty tracker active
2025-01-03 22:00:41,108 race_service [DEBUG] Lap 13 (penalty_tracker)
2025-01-03 22:00:42,127 race_service [DEBUG] Penalty tracker active
2025-01-03 22:00:42,135 race_service [DEBUG] Lap 13 (penalty_tracker)
2025-01-03 22:00:43,157 race_service [DEBUG] Penalty tracker active
2025-01-03 22:00:43,201 race_service [DEBUG] Lap 13 (penalty_tracker)
2025-01-03 22:00:44,214 race_service [DEBUG] Penalty tracker active
2025-01-03 22:00:44,251 race_service [DEBUG] Lap 13 (penalty_tracker)
2025-01-03 22:00:45,260 race_service [DEBUG] Penalty tracker active
2025-01-03 22:00:45,269 race_service [DEBUG] Lap 13 (penalty_tracker)
2025-01-03 22:00:46,288 race_service [DEBUG] Penalty tracker active
2025-01-03 22:00:46,328 race_service [DEBUG] Lap 13 (penalty_tracker)
2025-01-03 22:00:47,347 race_service [DEBUG] Penalty tracker active
2025-01-03 22:00:47,353 race_service [DEBUG] Lap 13 (penalty_tracker)
2025-01-03 22:00:48,376 race_service [DEBUG] Penalty tracker active
2025-01-03 22:00:48,411 race_service [DEBUG] Lap 13 (penalty_tracker)
2025-01-03 22:00:49,422 race_service [DEBUG] Penalty tracker active
2025-01-03 22:00:49,436 race_service [DEBUG] Lap 13 (penalty_tracker)
2025-01-03 22:00:50,466 race_service [DEBUG] Penalty tracker active
2025-01-03 22:00:50,500 race_service [DEBUG] Lap 13 (penalty_tracker)
2025-01-03 22:00:51,507 race_service [DEBUG] Penalty tracker active
2025-01-03 22:00:51,518 race_service [DEBUG] Lap 13 (penalty_tracker)
2025-01-03 22:00:52,551 race_service [DEBUG] Penalty tracker active
2025-01-03 22:00:52,552 race_service [DEBUG] Lap 13 (penalty_tracker)
2025-01-03 22:00:53,577 race_service [DEBUG] Penalty tracker active
2025-01-03 22:00:53,585 race_service [DEBUG] Lap 13 (penalty_tracker)
2025-01-03 22:00:54,604 race_service [DEBUG] Penalty tracker active
2025-01-03 22:00:54,619 race_service [DEBUG] Lap 13 (penalty_tracker)
2025-01-03 22:00:55,645 race_service [DEBUG] Penalty tracker active
2025-01-03 22:00:55,653 race_service [DEBUG] Lap 13 (penalty_tracker)
2025-01-03 22:00:56,686 race_service [DEBUG] Penalty tracker active
2025-01-03 22:00:56,702 race_service [DEBUG] Lap 13 (penalty_tracker)
2025-01-03 22:00:57,731 race_service [DEBUG] Penalty tracker active
2025-01-03 22:00:57,736 race_service [DEBUG] Lap 13 (penalty_tracker)
2025-01-03 22:00:58,757 race_service [DEBUG] Penalty tracker active
2025-01-03 22:00:58,770 race_service [DEBUG] Lap 13 (penalty_tracker)
2025-01-03 22:00:59,798 race_service [DEBUG] Penalty tracker active
2025-01-03 22:00:59,802 race_service [DEBUG] Lap 13 (penalty_tracker)
2025-01-03 22:01:00,824 race_service [DEBUG] Penalty tracker active
2025-01-03 22:01:00,834 race_service [DEBUG] Lap 13 (penalty_tracker)
2025-01-03 22:01:01,868 race_service [DEBUG] Penalty tracker active
2025-01-03 22:01:01,868 race_service [DEBUG] Lap 13 (penalty_tracker)
2025-01-03 22:01:02,893 race_service [DEBUG] Penalty tracker active
2025-01-03 22:01:02,903 race_service [DEBUG] Lap 13 (penalty_tracker)
2025-01-03 22:01:03,920 race_service [DEBUG] Penalty tracker active
2025-01-03 22:01:03,936 race_service [DEBUG] Lap 13 (penalty_tracker)
2025-01-03 22:01:04,963 race_service [DEBUG] Penalty tracker active
2025-01-03 22:01:04,970 race_service [DEBUG] Lap 13 (penalty_tracker)
2025-01-03 22:01:05,991 race_service [DEBUG] Penalty tracker active
2025-01-03 22:01:06,005 race_service [DEBUG] Lap 13 (penalty_tracker)
2025-01-03 22:01:07,033 race_service [DEBUG] Penalty tracker active
2025-01-03 22:01:07,076 race_service [DEBUG] Lap 13 (penalty_tracker)
2025-01-03 22:01:08,091 race_service [DEBUG] Penalty tracker active
2025-01-03 22:01:08,103 race_service [DEBUG] Lap 13 (penalty_tracker)
2025-01-03 22:01:09,133 race_service [DEBUG] Penalty tracker active
2025-01-03 22:01:09,206 race_service [DEBUG] Lap 13 (penalty_tracker)
2025-01-03 22:01:10,251 race_service [DEBUG] Penalty tracker active
2025-01-03 22:01:10,297 race_service [DEBUG] Lap 13 (penalty_tracker)
2025-01-03 22:01:11,345 race_service [DEBUG] Penalty tracker active
2025-01-03 22:01:11,391 race_service [DEBUG] Lap 13 (penalty_tracker)
2025-01-03 22:01:12,442 race_service [DEBUG] Penalty tracker active
2025-01-03 22:01:12,487 race_service [DEBUG] Lap 13 (penalty_tracker)
2025-01-03 22:01:13,539 race_service [DEBUG] Penalty tracker active
2025-01-03 22:01:13,586 race_service [DEBUG] Lap 13 (penalty_tracker)
2025-01-03 22:01:14,635 race_service [DEBUG] Penalty tracker active
2025-01-03 22:01:14,681 race_service [DEBUG] Lap 13 (penalty_tracker)
2025-01-03 22:01:15,731 race_service [DEBUG] Penalty tracker active
2025-01-03 22:01:15,779 race_service [DEBUG] Lap 13 (penalty_tracker)
2025-01-03 22:01:16,834 race_service [DEBUG] Penalty tracker active
2025-01-03 22:01:16,881 race_service [DEBUG] Lap 13 (penalty_tracker)
2025-01-03 22:01:17,938 race_service [DEBUG] Penalty tracker active
2025-01-03 22:01:17,985 race_service [DEBUG] Lap 13 (penalty_tracker)
